{"C:\\Users\\queen\\Desktop\\Programming\\Lambda\\back-end\\knexfile.js": {"path":"C:\\Users\\queen\\Desktop\\Programming\\Lambda\\back-end\\knexfile.js","statementMap":{"0":{"start":{"line":1,"column":0},"end":{"line":12,"column":2}}},"fnMap":{},"branchMap":{},"s":{"0":1},"f":{},"b":{},"_coverageSchema":"1a1c01bbd47fc00a2c39e90264f33305004495a9","hash":"ab2e83300e358d59a8c661a0c5b74a1a1c93aef5"}
,"C:\\Users\\queen\\Desktop\\Programming\\Lambda\\back-end\\api\\secrets.js": {"path":"C:\\Users\\queen\\Desktop\\Programming\\Lambda\\back-end\\api\\secrets.js","statementMap":{"0":{"start":{"line":1,"column":0},"end":{"line":3,"column":4}}},"fnMap":{},"branchMap":{"0":{"loc":{"start":{"line":2,"column":15},"end":{"line":2,"column":51}},"type":"binary-expr","locations":[{"start":{"line":2,"column":15},"end":{"line":2,"column":37}},{"start":{"line":2,"column":41},"end":{"line":2,"column":51}}],"line":2}},"s":{"0":1},"f":{},"b":{"0":[1,1]},"_coverageSchema":"1a1c01bbd47fc00a2c39e90264f33305004495a9","hash":"fd57d665acd5be007c947a861e96becbb9323e93"}
,"C:\\Users\\queen\\Desktop\\Programming\\Lambda\\back-end\\api\\server.js": {"path":"C:\\Users\\queen\\Desktop\\Programming\\Lambda\\back-end\\api\\server.js","statementMap":{"0":{"start":{"line":1,"column":16},"end":{"line":1,"column":34}},"1":{"start":{"line":2,"column":15},"end":{"line":2,"column":32}},"2":{"start":{"line":3,"column":13},"end":{"line":3,"column":28}},"3":{"start":{"line":5,"column":19},"end":{"line":5,"column":50}},"4":{"start":{"line":6,"column":19},"end":{"line":6,"column":51}},"5":{"start":{"line":8,"column":15},"end":{"line":8,"column":24}},"6":{"start":{"line":10,"column":0},"end":{"line":10,"column":27}},"7":{"start":{"line":11,"column":0},"end":{"line":11,"column":21}},"8":{"start":{"line":12,"column":0},"end":{"line":12,"column":19}},"9":{"start":{"line":14,"column":0},"end":{"line":14,"column":36}},"10":{"start":{"line":15,"column":0},"end":{"line":15,"column":37}},"11":{"start":{"line":17,"column":0},"end":{"line":19,"column":3}},"12":{"start":{"line":18,"column":4},"end":{"line":18,"column":29}},"13":{"start":{"line":21,"column":0},"end":{"line":21,"column":24}}},"fnMap":{"0":{"name":"(anonymous_0)","decl":{"start":{"line":17,"column":16},"end":{"line":17,"column":17}},"loc":{"start":{"line":17,"column":30},"end":{"line":19,"column":1}},"line":17}},"branchMap":{},"s":{"0":1,"1":1,"2":1,"3":1,"4":1,"5":1,"6":1,"7":1,"8":1,"9":1,"10":1,"11":1,"12":0,"13":1},"f":{"0":0},"b":{},"_coverageSchema":"1a1c01bbd47fc00a2c39e90264f33305004495a9","hash":"a4a3679321bd22585f30a90774d1e9877be562ba"}
,"C:\\Users\\queen\\Desktop\\Programming\\Lambda\\back-end\\auth\\auth-router.js": {"path":"C:\\Users\\queen\\Desktop\\Programming\\Lambda\\back-end\\auth\\auth-router.js","statementMap":{"0":{"start":{"line":1,"column":15},"end":{"line":1,"column":42}},"1":{"start":{"line":2,"column":15},"end":{"line":2,"column":34}},"2":{"start":{"line":3,"column":12},"end":{"line":3,"column":35}},"3":{"start":{"line":5,"column":14},"end":{"line":5,"column":45}},"4":{"start":{"line":6,"column":16},"end":{"line":6,"column":44}},"5":{"start":{"line":9,"column":18},"end":{"line":12,"column":3}},"6":{"start":{"line":13,"column":17},"end":{"line":13,"column":34}},"7":{"start":{"line":14,"column":18},"end":{"line":16,"column":3}},"8":{"start":{"line":17,"column":2},"end":{"line":17,"column":44}},"9":{"start":{"line":20,"column":0},"end":{"line":36,"column":3}},"10":{"start":{"line":21,"column":13},"end":{"line":21,"column":21}},"11":{"start":{"line":23,"column":17},"end":{"line":23,"column":45}},"12":{"start":{"line":25,"column":15},"end":{"line":25,"column":53}},"13":{"start":{"line":27,"column":2},"end":{"line":27,"column":23}},"14":{"start":{"line":29,"column":2},"end":{"line":35,"column":9}},"15":{"start":{"line":31,"column":10},"end":{"line":31,"column":38}},"16":{"start":{"line":34,"column":10},"end":{"line":34,"column":58}},"17":{"start":{"line":38,"column":0},"end":{"line":54,"column":3}},"18":{"start":{"line":39,"column":28},"end":{"line":39,"column":36}},"19":{"start":{"line":41,"column":2},"end":{"line":53,"column":9}},"20":{"start":{"line":43,"column":10},"end":{"line":49,"column":11}},"21":{"start":{"line":44,"column":28},"end":{"line":44,"column":47}},"22":{"start":{"line":46,"column":14},"end":{"line":46,"column":62}},"23":{"start":{"line":48,"column":14},"end":{"line":48,"column":55}},"24":{"start":{"line":52,"column":10},"end":{"line":52,"column":55}},"25":{"start":{"line":56,"column":0},"end":{"line":56,"column":24}},"26":{"start":{"line":58,"column":0},"end":{"line":58,"column":24}}},"fnMap":{"0":{"name":"generateToken","decl":{"start":{"line":8,"column":9},"end":{"line":8,"column":22}},"loc":{"start":{"line":8,"column":29},"end":{"line":18,"column":1}},"line":8},"1":{"name":"(anonymous_1)","decl":{"start":{"line":20,"column":25},"end":{"line":20,"column":26}},"loc":{"start":{"line":20,"column":39},"end":{"line":36,"column":1}},"line":20},"2":{"name":"(anonymous_2)","decl":{"start":{"line":30,"column":12},"end":{"line":30,"column":13}},"loc":{"start":{"line":30,"column":21},"end":{"line":32,"column":7}},"line":30},"3":{"name":"(anonymous_3)","decl":{"start":{"line":33,"column":13},"end":{"line":33,"column":14}},"loc":{"start":{"line":33,"column":22},"end":{"line":35,"column":7}},"line":33},"4":{"name":"(anonymous_4)","decl":{"start":{"line":38,"column":22},"end":{"line":38,"column":23}},"loc":{"start":{"line":38,"column":36},"end":{"line":54,"column":1}},"line":38},"5":{"name":"(anonymous_5)","decl":{"start":{"line":42,"column":12},"end":{"line":42,"column":13}},"loc":{"start":{"line":42,"column":24},"end":{"line":50,"column":7}},"line":42},"6":{"name":"(anonymous_6)","decl":{"start":{"line":51,"column":13},"end":{"line":51,"column":14}},"loc":{"start":{"line":51,"column":20},"end":{"line":53,"column":7}},"line":51}},"branchMap":{"0":{"loc":{"start":{"line":23,"column":17},"end":{"line":23,"column":45}},"type":"binary-expr","locations":[{"start":{"line":23,"column":17},"end":{"line":23,"column":40}},{"start":{"line":23,"column":44},"end":{"line":23,"column":45}}],"line":23},"1":{"loc":{"start":{"line":43,"column":10},"end":{"line":49,"column":11}},"type":"if","locations":[{"start":{"line":43,"column":10},"end":{"line":49,"column":11}},{"start":{"line":43,"column":10},"end":{"line":49,"column":11}}],"line":43},"2":{"loc":{"start":{"line":43,"column":14},"end":{"line":43,"column":65}},"type":"binary-expr","locations":[{"start":{"line":43,"column":14},"end":{"line":43,"column":18}},{"start":{"line":43,"column":22},"end":{"line":43,"column":65}}],"line":43}},"s":{"0":1,"1":1,"2":1,"3":1,"4":1,"5":0,"6":0,"7":0,"8":0,"9":1,"10":0,"11":0,"12":0,"13":0,"14":0,"15":0,"16":0,"17":1,"18":0,"19":0,"20":0,"21":0,"22":0,"23":0,"24":0,"25":1,"26":1},"f":{"0":0,"1":0,"2":0,"3":0,"4":0,"5":0,"6":0},"b":{"0":[0,0],"1":[0,0],"2":[0,0]},"_coverageSchema":"1a1c01bbd47fc00a2c39e90264f33305004495a9","hash":"bbe64cfdcb5e70341fa05e5aab764d426a79bc4b"}
,"C:\\Users\\queen\\Desktop\\Programming\\Lambda\\back-end\\database\\dbConfig.js": {"path":"C:\\Users\\queen\\Desktop\\Programming\\Lambda\\back-end\\database\\dbConfig.js","statementMap":{"0":{"start":{"line":1,"column":13},"end":{"line":1,"column":28}},"1":{"start":{"line":3,"column":19},"end":{"line":3,"column":41}},"2":{"start":{"line":5,"column":0},"end":{"line":5,"column":46}}},"fnMap":{},"branchMap":{},"s":{"0":1,"1":1,"2":1},"f":{},"b":{},"_coverageSchema":"1a1c01bbd47fc00a2c39e90264f33305004495a9","hash":"29c62cbb293387b4e196e8d9e91a433c4c7679f6"}
,"C:\\Users\\queen\\Desktop\\Programming\\Lambda\\back-end\\songs\\songs-model.js": {"path":"C:\\Users\\queen\\Desktop\\Programming\\Lambda\\back-end\\songs\\songs-model.js","statementMap":{"0":{"start":{"line":1,"column":11},"end":{"line":1,"column":42}},"1":{"start":{"line":3,"column":0},"end":{"line":11,"column":2}},"2":{"start":{"line":14,"column":4},"end":{"line":14,"column":23}},"3":{"start":{"line":18,"column":4},"end":{"line":18,"column":26}},"4":{"start":{"line":22,"column":4},"end":{"line":22,"column":43}},"5":{"start":{"line":26,"column":4},"end":{"line":35,"column":14}},"6":{"start":{"line":29,"column":27},"end":{"line":29,"column":33}},"7":{"start":{"line":31,"column":16},"end":{"line":34,"column":22}},"8":{"start":{"line":33,"column":24},"end":{"line":33,"column":36}},"9":{"start":{"line":39,"column":4},"end":{"line":41,"column":17}},"10":{"start":{"line":45,"column":4},"end":{"line":47,"column":17}},"11":{"start":{"line":51,"column":4},"end":{"line":52,"column":18}}},"fnMap":{"0":{"name":"findSong","decl":{"start":{"line":13,"column":9},"end":{"line":13,"column":17}},"loc":{"start":{"line":13,"column":20},"end":{"line":15,"column":1}},"line":13},"1":{"name":"getSong","decl":{"start":{"line":17,"column":9},"end":{"line":17,"column":16}},"loc":{"start":{"line":17,"column":19},"end":{"line":19,"column":1}},"line":17},"2":{"name":"findSongById","decl":{"start":{"line":21,"column":9},"end":{"line":21,"column":21}},"loc":{"start":{"line":21,"column":26},"end":{"line":23,"column":1}},"line":21},"3":{"name":"saveSong","decl":{"start":{"line":25,"column":9},"end":{"line":25,"column":17}},"loc":{"start":{"line":25,"column":24},"end":{"line":36,"column":1}},"line":25},"4":{"name":"(anonymous_4)","decl":{"start":{"line":28,"column":18},"end":{"line":28,"column":19}},"loc":{"start":{"line":28,"column":25},"end":{"line":35,"column":13}},"line":28},"5":{"name":"(anonymous_5)","decl":{"start":{"line":32,"column":26},"end":{"line":32,"column":27}},"loc":{"start":{"line":32,"column":34},"end":{"line":34,"column":21}},"line":32},"6":{"name":"removeSong","decl":{"start":{"line":38,"column":9},"end":{"line":38,"column":19}},"loc":{"start":{"line":38,"column":24},"end":{"line":42,"column":1}},"line":38},"7":{"name":"updateSong","decl":{"start":{"line":44,"column":9},"end":{"line":44,"column":19}},"loc":{"start":{"line":44,"column":33},"end":{"line":48,"column":1}},"line":44},"8":{"name":"add","decl":{"start":{"line":50,"column":9},"end":{"line":50,"column":12}},"loc":{"start":{"line":50,"column":19},"end":{"line":53,"column":1}},"line":50}},"branchMap":{},"s":{"0":1,"1":1,"2":4,"3":2,"4":0,"5":0,"6":0,"7":0,"8":0,"9":0,"10":0,"11":0},"f":{"0":4,"1":2,"2":0,"3":0,"4":0,"5":0,"6":0,"7":0,"8":0},"b":{},"_coverageSchema":"1a1c01bbd47fc00a2c39e90264f33305004495a9","hash":"ebaae0c950444c168789d6778f4c9a2c7bdec2df"}
,"C:\\Users\\queen\\Desktop\\Programming\\Lambda\\back-end\\songs\\songs-router.js": {"path":"C:\\Users\\queen\\Desktop\\Programming\\Lambda\\back-end\\songs\\songs-router.js","statementMap":{"0":{"start":{"line":1,"column":16},"end":{"line":1,"column":34}},"1":{"start":{"line":2,"column":14},"end":{"line":2,"column":38}},"2":{"start":{"line":4,"column":15},"end":{"line":4,"column":31}},"3":{"start":{"line":6,"column":0},"end":{"line":15,"column":2}},"4":{"start":{"line":7,"column":4},"end":{"line":14,"column":6}},"5":{"start":{"line":9,"column":8},"end":{"line":9,"column":24}},"6":{"start":{"line":12,"column":8},"end":{"line":12,"column":38}},"7":{"start":{"line":13,"column":8},"end":{"line":13,"column":64}},"8":{"start":{"line":17,"column":0},"end":{"line":26,"column":2}},"9":{"start":{"line":18,"column":4},"end":{"line":25,"column":6}},"10":{"start":{"line":20,"column":8},"end":{"line":20,"column":24}},"11":{"start":{"line":23,"column":8},"end":{"line":23,"column":38}},"12":{"start":{"line":24,"column":8},"end":{"line":24,"column":49}},"13":{"start":{"line":28,"column":0},"end":{"line":43,"column":1}},"14":{"start":{"line":29,"column":17},"end":{"line":29,"column":27}},"15":{"start":{"line":31,"column":4},"end":{"line":42,"column":6}},"16":{"start":{"line":33,"column":8},"end":{"line":37,"column":9}},"17":{"start":{"line":34,"column":12},"end":{"line":34,"column":27}},"18":{"start":{"line":36,"column":12},"end":{"line":36,"column":78}},"19":{"start":{"line":40,"column":8},"end":{"line":40,"column":38}},"20":{"start":{"line":41,"column":8},"end":{"line":41,"column":62}},"21":{"start":{"line":45,"column":0},"end":{"line":55,"column":3}},"22":{"start":{"line":46,"column":21},"end":{"line":46,"column":29}},"23":{"start":{"line":47,"column":4},"end":{"line":54,"column":10}},"24":{"start":{"line":49,"column":12},"end":{"line":49,"column":46}},"25":{"start":{"line":52,"column":12},"end":{"line":52,"column":42}},"26":{"start":{"line":53,"column":12},"end":{"line":53,"column":80}},"27":{"start":{"line":57,"column":0},"end":{"line":67,"column":2}},"28":{"start":{"line":58,"column":21},"end":{"line":58,"column":29}},"29":{"start":{"line":59,"column":4},"end":{"line":66,"column":6}},"30":{"start":{"line":61,"column":8},"end":{"line":61,"column":34}},"31":{"start":{"line":64,"column":8},"end":{"line":64,"column":38}},"32":{"start":{"line":65,"column":8},"end":{"line":65,"column":49}},"33":{"start":{"line":69,"column":0},"end":{"line":84,"column":2}},"34":{"start":{"line":70,"column":17},"end":{"line":70,"column":27}},"35":{"start":{"line":72,"column":4},"end":{"line":83,"column":6}},"36":{"start":{"line":74,"column":8},"end":{"line":78,"column":9}},"37":{"start":{"line":75,"column":12},"end":{"line":75,"column":41}},"38":{"start":{"line":77,"column":12},"end":{"line":77,"column":79}},"39":{"start":{"line":81,"column":8},"end":{"line":81,"column":38}},"40":{"start":{"line":82,"column":8},"end":{"line":82,"column":64}},"41":{"start":{"line":87,"column":0},"end":{"line":87,"column":24}}},"fnMap":{"0":{"name":"(anonymous_0)","decl":{"start":{"line":6,"column":16},"end":{"line":6,"column":17}},"loc":{"start":{"line":6,"column":30},"end":{"line":15,"column":1}},"line":6},"1":{"name":"(anonymous_1)","decl":{"start":{"line":8,"column":10},"end":{"line":8,"column":11}},"loc":{"start":{"line":8,"column":19},"end":{"line":10,"column":5}},"line":8},"2":{"name":"(anonymous_2)","decl":{"start":{"line":11,"column":11},"end":{"line":11,"column":12}},"loc":{"start":{"line":11,"column":18},"end":{"line":14,"column":5}},"line":11},"3":{"name":"(anonymous_3)","decl":{"start":{"line":17,"column":26},"end":{"line":17,"column":27}},"loc":{"start":{"line":17,"column":40},"end":{"line":26,"column":1}},"line":17},"4":{"name":"(anonymous_4)","decl":{"start":{"line":19,"column":10},"end":{"line":19,"column":11}},"loc":{"start":{"line":19,"column":19},"end":{"line":21,"column":5}},"line":19},"5":{"name":"(anonymous_5)","decl":{"start":{"line":22,"column":11},"end":{"line":22,"column":12}},"loc":{"start":{"line":22,"column":18},"end":{"line":25,"column":5}},"line":22},"6":{"name":"(anonymous_6)","decl":{"start":{"line":28,"column":20},"end":{"line":28,"column":21}},"loc":{"start":{"line":28,"column":34},"end":{"line":43,"column":1}},"line":28},"7":{"name":"(anonymous_7)","decl":{"start":{"line":32,"column":10},"end":{"line":32,"column":11}},"loc":{"start":{"line":32,"column":18},"end":{"line":38,"column":5}},"line":32},"8":{"name":"(anonymous_8)","decl":{"start":{"line":39,"column":11},"end":{"line":39,"column":12}},"loc":{"start":{"line":39,"column":18},"end":{"line":42,"column":5}},"line":39},"9":{"name":"(anonymous_9)","decl":{"start":{"line":45,"column":22},"end":{"line":45,"column":23}},"loc":{"start":{"line":45,"column":36},"end":{"line":55,"column":1}},"line":45},"10":{"name":"(anonymous_10)","decl":{"start":{"line":48,"column":14},"end":{"line":48,"column":15}},"loc":{"start":{"line":48,"column":22},"end":{"line":50,"column":9}},"line":48},"11":{"name":"(anonymous_11)","decl":{"start":{"line":51,"column":15},"end":{"line":51,"column":16}},"loc":{"start":{"line":51,"column":22},"end":{"line":54,"column":9}},"line":51},"12":{"name":"(anonymous_12)","decl":{"start":{"line":57,"column":17},"end":{"line":57,"column":18}},"loc":{"start":{"line":57,"column":31},"end":{"line":67,"column":1}},"line":57},"13":{"name":"(anonymous_13)","decl":{"start":{"line":60,"column":10},"end":{"line":60,"column":11}},"loc":{"start":{"line":60,"column":18},"end":{"line":62,"column":5}},"line":60},"14":{"name":"(anonymous_14)","decl":{"start":{"line":63,"column":11},"end":{"line":63,"column":12}},"loc":{"start":{"line":63,"column":18},"end":{"line":66,"column":5}},"line":63},"15":{"name":"(anonymous_15)","decl":{"start":{"line":69,"column":22},"end":{"line":69,"column":23}},"loc":{"start":{"line":69,"column":36},"end":{"line":84,"column":1}},"line":69},"16":{"name":"(anonymous_16)","decl":{"start":{"line":73,"column":10},"end":{"line":73,"column":11}},"loc":{"start":{"line":73,"column":21},"end":{"line":79,"column":5}},"line":73},"17":{"name":"(anonymous_17)","decl":{"start":{"line":80,"column":11},"end":{"line":80,"column":12}},"loc":{"start":{"line":80,"column":18},"end":{"line":83,"column":5}},"line":80}},"branchMap":{"0":{"loc":{"start":{"line":33,"column":8},"end":{"line":37,"column":9}},"type":"if","locations":[{"start":{"line":33,"column":8},"end":{"line":37,"column":9}},{"start":{"line":33,"column":8},"end":{"line":37,"column":9}}],"line":33},"1":{"loc":{"start":{"line":74,"column":8},"end":{"line":78,"column":9}},"type":"if","locations":[{"start":{"line":74,"column":8},"end":{"line":78,"column":9}},{"start":{"line":74,"column":8},"end":{"line":78,"column":9}}],"line":74}},"s":{"0":1,"1":1,"2":1,"3":1,"4":4,"5":4,"6":0,"7":0,"8":1,"9":2,"10":2,"11":0,"12":0,"13":1,"14":0,"15":0,"16":0,"17":0,"18":0,"19":0,"20":0,"21":1,"22":0,"23":0,"24":0,"25":0,"26":0,"27":1,"28":0,"29":0,"30":0,"31":0,"32":0,"33":1,"34":0,"35":0,"36":0,"37":0,"38":0,"39":0,"40":0,"41":1},"f":{"0":4,"1":4,"2":0,"3":2,"4":2,"5":0,"6":0,"7":0,"8":0,"9":0,"10":0,"11":0,"12":0,"13":0,"14":0,"15":0,"16":0,"17":0},"b":{"0":[0,0],"1":[0,0]},"_coverageSchema":"1a1c01bbd47fc00a2c39e90264f33305004495a9","hash":"c9bf367ed7c990b9948b372f9119242501a5f70e"}
,"C:\\Users\\queen\\Desktop\\Programming\\Lambda\\back-end\\users\\users-model.js": {"path":"C:\\Users\\queen\\Desktop\\Programming\\Lambda\\back-end\\users\\users-model.js","statementMap":{"0":{"start":{"line":1,"column":11},"end":{"line":1,"column":42}},"1":{"start":{"line":3,"column":0},"end":{"line":8,"column":2}},"2":{"start":{"line":11,"column":2},"end":{"line":11,"column":55}},"3":{"start":{"line":15,"column":2},"end":{"line":15,"column":35}},"4":{"start":{"line":19,"column":15},"end":{"line":19,"column":45}},"5":{"start":{"line":21,"column":2},"end":{"line":21,"column":22}},"6":{"start":{"line":25,"column":2},"end":{"line":27,"column":13}}},"fnMap":{"0":{"name":"find","decl":{"start":{"line":10,"column":9},"end":{"line":10,"column":13}},"loc":{"start":{"line":10,"column":16},"end":{"line":12,"column":1}},"line":10},"1":{"name":"findBy","decl":{"start":{"line":14,"column":9},"end":{"line":14,"column":15}},"loc":{"start":{"line":14,"column":24},"end":{"line":16,"column":1}},"line":14},"2":{"name":"add","decl":{"start":{"line":18,"column":15},"end":{"line":18,"column":18}},"loc":{"start":{"line":18,"column":25},"end":{"line":22,"column":1}},"line":18},"3":{"name":"findById","decl":{"start":{"line":24,"column":9},"end":{"line":24,"column":17}},"loc":{"start":{"line":24,"column":22},"end":{"line":28,"column":1}},"line":24}},"branchMap":{},"s":{"0":1,"1":1,"2":0,"3":0,"4":0,"5":0,"6":0},"f":{"0":0,"1":0,"2":0,"3":0},"b":{},"_coverageSchema":"1a1c01bbd47fc00a2c39e90264f33305004495a9","hash":"3b634a512627512a2675ec7cf78cefce6eeca42c"}
}
