TN:
SF:knexfile.js
FNF:0
FNH:0
DA:1,1
LF:1
LH:1
BRF:0
BRH:0
end_of_record
TN:
SF:api\secrets.js
FNF:0
FNH:0
DA:1,1
LF:1
LH:1
BRDA:2,0,0,1
BRDA:2,0,1,1
BRF:2
BRH:2
end_of_record
TN:
SF:api\server.js
FN:17,(anonymous_0)
FNF:1
FNH:0
FNDA:0,(anonymous_0)
DA:1,1
DA:2,1
DA:3,1
DA:5,1
DA:6,1
DA:8,1
DA:10,1
DA:11,1
DA:12,1
DA:14,1
DA:15,1
DA:17,1
DA:18,0
DA:21,1
LF:14
LH:13
BRF:0
BRH:0
end_of_record
TN:
SF:auth\auth-router.js
FN:8,generateToken
FN:20,(anonymous_1)
FN:30,(anonymous_2)
FN:33,(anonymous_3)
FN:38,(anonymous_4)
FN:42,(anonymous_5)
FN:51,(anonymous_6)
FNF:7
FNH:0
FNDA:0,generateToken
FNDA:0,(anonymous_1)
FNDA:0,(anonymous_2)
FNDA:0,(anonymous_3)
FNDA:0,(anonymous_4)
FNDA:0,(anonymous_5)
FNDA:0,(anonymous_6)
DA:1,1
DA:2,1
DA:3,1
DA:5,1
DA:6,1
DA:9,0
DA:13,0
DA:14,0
DA:17,0
DA:20,1
DA:21,0
DA:23,0
DA:25,0
DA:27,0
DA:29,0
DA:31,0
DA:34,0
DA:38,1
DA:39,0
DA:41,0
DA:43,0
DA:44,0
DA:46,0
DA:48,0
DA:52,0
DA:56,1
DA:58,1
LF:27
LH:9
BRDA:23,0,0,0
BRDA:23,0,1,0
BRDA:43,1,0,0
BRDA:43,1,1,0
BRDA:43,2,0,0
BRDA:43,2,1,0
BRF:6
BRH:0
end_of_record
TN:
SF:database\dbConfig.js
FNF:0
FNH:0
DA:1,1
DA:3,1
DA:5,1
LF:3
LH:3
BRF:0
BRH:0
end_of_record
TN:
SF:songs\songs-model.js
FN:13,findSong
FN:17,getSong
FN:21,findSongById
FN:25,saveSong
FN:28,(anonymous_4)
FN:32,(anonymous_5)
FN:38,removeSong
FN:44,updateSong
FN:50,add
FNF:9
FNH:2
FNDA:4,findSong
FNDA:2,getSong
FNDA:0,findSongById
FNDA:0,saveSong
FNDA:0,(anonymous_4)
FNDA:0,(anonymous_5)
FNDA:0,removeSong
FNDA:0,updateSong
FNDA:0,add
DA:1,1
DA:3,1
DA:14,4
DA:18,2
DA:22,0
DA:26,0
DA:29,0
DA:31,0
DA:33,0
DA:39,0
DA:45,0
DA:51,0
LF:12
LH:4
BRF:0
BRH:0
end_of_record
TN:
SF:songs\songs-router.js
FN:6,(anonymous_0)
FN:8,(anonymous_1)
FN:11,(anonymous_2)
FN:17,(anonymous_3)
FN:19,(anonymous_4)
FN:22,(anonymous_5)
FN:28,(anonymous_6)
FN:32,(anonymous_7)
FN:39,(anonymous_8)
FN:45,(anonymous_9)
FN:48,(anonymous_10)
FN:51,(anonymous_11)
FN:57,(anonymous_12)
FN:60,(anonymous_13)
FN:63,(anonymous_14)
FN:69,(anonymous_15)
FN:73,(anonymous_16)
FN:80,(anonymous_17)
FNF:18
FNH:4
FNDA:4,(anonymous_0)
FNDA:4,(anonymous_1)
FNDA:0,(anonymous_2)
FNDA:2,(anonymous_3)
FNDA:2,(anonymous_4)
FNDA:0,(anonymous_5)
FNDA:0,(anonymous_6)
FNDA:0,(anonymous_7)
FNDA:0,(anonymous_8)
FNDA:0,(anonymous_9)
FNDA:0,(anonymous_10)
FNDA:0,(anonymous_11)
FNDA:0,(anonymous_12)
FNDA:0,(anonymous_13)
FNDA:0,(anonymous_14)
FNDA:0,(anonymous_15)
FNDA:0,(anonymous_16)
FNDA:0,(anonymous_17)
DA:1,1
DA:2,1
DA:4,1
DA:6,1
DA:7,4
DA:9,4
DA:12,0
DA:13,0
DA:17,1
DA:18,2
DA:20,2
DA:23,0
DA:24,0
DA:28,1
DA:29,0
DA:31,0
DA:33,0
DA:34,0
DA:36,0
DA:40,0
DA:41,0
DA:45,1
DA:46,0
DA:47,0
DA:49,0
DA:52,0
DA:53,0
DA:57,1
DA:58,0
DA:59,0
DA:61,0
DA:64,0
DA:65,0
DA:69,1
DA:70,0
DA:72,0
DA:74,0
DA:75,0
DA:77,0
DA:81,0
DA:82,0
DA:87,1
LF:42
LH:14
BRDA:33,0,0,0
BRDA:33,0,1,0
BRDA:74,1,0,0
BRDA:74,1,1,0
BRF:4
BRH:0
end_of_record
TN:
SF:users\users-model.js
FN:10,find
FN:14,findBy
FN:18,add
FN:24,findById
FNF:4
FNH:0
FNDA:0,find
FNDA:0,findBy
FNDA:0,add
FNDA:0,findById
DA:1,1
DA:3,1
DA:11,0
DA:15,0
DA:19,0
DA:21,0
DA:25,0
LF:7
LH:2
BRF:0
BRH:0
end_of_record
